Using pre-set license
Built from '2021.3/staging' branch; Version is '2021.3.23f1 (213b516bf396) revision 2177873'; Using compiler version '192829333'; Build Type 'Release'
OS: 'Windows 10  (10.0.19044) 64bit Professional' Language: 'es' Physical Memory: 32627 MB
BatchMode: 1, IsHumanControllingUs: 0, StartBugReporterOnCrash: 0, Is64bit: 1, IsPro: 1

COMMAND LINE ARGUMENTS:
K:\Programs\UnityEditor\2021.3.23f1\Editor\Unity.exe
-adb2
-batchMode
-noUpm
-name
AssetImportWorker0
-projectPath
K:/Programs/UnityProjects/2DPlatformer
-logFile
Logs/AssetImportWorker0.log
-srvPort
49793
Successfully changed project path to: K:/Programs/UnityProjects/2DPlatformer
K:/Programs/UnityProjects/2DPlatformer
[UnityMemory] Configuration Parameters - Can be set up in boot.config
    "memorysetup-bucket-allocator-granularity=16"
    "memorysetup-bucket-allocator-bucket-count=8"
    "memorysetup-bucket-allocator-block-size=33554432"
    "memorysetup-bucket-allocator-block-count=8"
    "memorysetup-main-allocator-block-size=16777216"
    "memorysetup-thread-allocator-block-size=16777216"
    "memorysetup-gfx-main-allocator-block-size=16777216"
    "memorysetup-gfx-thread-allocator-block-size=16777216"
    "memorysetup-cache-allocator-block-size=4194304"
    "memorysetup-typetree-allocator-block-size=2097152"
    "memorysetup-profiler-bucket-allocator-granularity=16"
    "memorysetup-profiler-bucket-allocator-bucket-count=8"
    "memorysetup-profiler-bucket-allocator-block-size=33554432"
    "memorysetup-profiler-bucket-allocator-block-count=8"
    "memorysetup-profiler-allocator-block-size=16777216"
    "memorysetup-profiler-editor-allocator-block-size=1048576"
    "memorysetup-temp-allocator-size-main=16777216"
    "memorysetup-job-temp-allocator-block-size=2097152"
    "memorysetup-job-temp-allocator-block-size-background=1048576"
    "memorysetup-job-temp-allocator-reduction-small-platforms=262144"
    "memorysetup-temp-allocator-size-background-worker=32768"
    "memorysetup-temp-allocator-size-job-worker=262144"
    "memorysetup-temp-allocator-size-preload-manager=33554432"
    "memorysetup-temp-allocator-size-nav-mesh-worker=65536"
    "memorysetup-temp-allocator-size-audio-worker=65536"
    "memorysetup-temp-allocator-size-cloud-worker=32768"
    "memorysetup-temp-allocator-size-gi-baking-worker=262144"
    "memorysetup-temp-allocator-size-gfx=262144"
Player connection [18548] Host "[IP] 192.168.0.58 [Port] 0 [Flags] 2 [Guid] 1573007133 [EditorId] 1573007133 [Version] 1048832 [Id] WindowsEditor(7,DESKTOP-2L8MG4Q) [Debug] 1 [PackageName] WindowsEditor [ProjectName] Editor" joined multi-casting on [225.0.0.222:54997]...

Player connection [18548] Host "[IP] 192.168.0.58 [Port] 0 [Flags] 2 [Guid] 1573007133 [EditorId] 1573007133 [Version] 1048832 [Id] WindowsEditor(7,DESKTOP-2L8MG4Q) [Debug] 1 [PackageName] WindowsEditor [ProjectName] Editor" joined alternative multi-casting on [225.0.0.222:34997]...

Refreshing native plugins compatible for Editor in 158.58 ms, found 4 plugins.
Preloading 0 native plugins for Editor in 0.00 ms.
Initialize engine version: 2021.3.23f1 (213b516bf396)
[Subsystems] Discovering subsystems at path K:/Programs/UnityEditor/2021.3.23f1/Editor/Data/Resources/UnitySubsystems
[Subsystems] Discovering subsystems at path K:/Programs/UnityProjects/2DPlatformer/Assets
GfxDevice: creating device client; threaded=0; jobified=0
Direct3D:
    Version:  Direct3D 11.0 [level 11.1]
    Renderer: NVIDIA GeForce RTX 3070 (ID=0x2488)
    Vendor:   NVIDIA
    VRAM:     8032 MB
    Driver:   31.0.15.2698
Initialize mono
Mono path[0] = 'K:/Programs/UnityEditor/2021.3.23f1/Editor/Data/Managed'
Mono path[1] = 'K:/Programs/UnityEditor/2021.3.23f1/Editor/Data/MonoBleedingEdge/lib/mono/unityjit-win32'
Mono config path = 'K:/Programs/UnityEditor/2021.3.23f1/Editor/Data/MonoBleedingEdge/etc'
Using monoOptions --debugger-agent=transport=dt_socket,embedding=1,server=y,suspend=n,address=127.0.0.1:56216
Begin MonoManager ReloadAssembly
Registering precompiled unity dll's ...
Register platform support module: K:/Programs/UnityEditor/2021.3.23f1/Editor/Data/PlaybackEngines/WindowsStandaloneSupport/UnityEditor.WindowsStandalone.Extensions.dll
Register platform support module: K:/Programs/UnityEditor/2021.3.23f1/Editor/Data/PlaybackEngines/MetroSupport/UnityEditor.UWP.Extensions.dll
Registered in 0.003708 seconds.
Native extension for UWP target not found
Native extension for WindowsStandalone target not found
Refreshing native plugins compatible for Editor in 155.85 ms, found 4 plugins.
Preloading 0 native plugins for Editor in 0.00 ms.
Mono: successfully reloaded assembly
- Completed reload, in  0.732 seconds
Domain Reload Profiling:
	ReloadAssembly (733ms)
		BeginReloadAssembly (86ms)
			ExecutionOrderSort (0ms)
			DisableScriptedObjects (0ms)
			BackupInstance (0ms)
			ReleaseScriptingObjects (0ms)
			CreateAndSetChildDomain (1ms)
		EndReloadAssembly (549ms)
			LoadAssemblies (86ms)
			RebuildTransferFunctionScriptingTraits (0ms)
			SetupTypeCache (107ms)
			ReleaseScriptCaches (0ms)
			RebuildScriptCaches (30ms)
			SetupLoadedEditorAssemblies (357ms)
				LogAssemblyErrors (0ms)
				InitializePlatformSupportModulesInManaged (8ms)
				SetLoadedEditorAssemblies (0ms)
				RefreshPlugins (156ms)
				BeforeProcessingInitializeOnLoad (2ms)
				ProcessInitializeOnLoadAttributes (137ms)
				ProcessInitializeOnLoadMethodAttributes (54ms)
				AfterProcessingInitializeOnLoad (0ms)
				EditorAssembliesLoaded (0ms)
			ExecutionOrderSort2 (0ms)
			AwakeInstancesAfterBackupRestoration (0ms)
Platform modules already initialized, skipping
Registering precompiled user dll's ...
Registered in 0.006199 seconds.
Begin MonoManager ReloadAssembly
Symbol file LoadedFromMemory doesn't match image K:\Programs\UnityProjects\2DPlatformer\Library\PackageCache\com.unity.visualscripting@1.8.0\Editor\VisualScripting.Core\Dependencies\YamlDotNet\Unity.VisualScripting.YamlDotNet.dll
Symbol file LoadedFromMemory doesn't match image K:\Programs\UnityProjects\2DPlatformer\Library\PackageCache\com.unity.visualscripting@1.8.0\Editor\VisualScripting.Core\Dependencies\DotNetZip\Unity.VisualScripting.IonicZip.dll
Native extension for UWP target not found
Native extension for WindowsStandalone target not found
Refreshing native plugins compatible for Editor in 160.61 ms, found 4 plugins.
Preloading 0 native plugins for Editor in 0.00 ms.
Mono: successfully reloaded assembly
- Completed reload, in  1.610 seconds
Domain Reload Profiling:
	ReloadAssembly (1611ms)
		BeginReloadAssembly (108ms)
			ExecutionOrderSort (0ms)
			DisableScriptedObjects (7ms)
			BackupInstance (0ms)
			ReleaseScriptingObjects (0ms)
			CreateAndSetChildDomain (18ms)
		EndReloadAssembly (1392ms)
			LoadAssemblies (92ms)
			RebuildTransferFunctionScriptingTraits (0ms)
			SetupTypeCache (340ms)
			ReleaseScriptCaches (1ms)
			RebuildScriptCaches (93ms)
			SetupLoadedEditorAssemblies (806ms)
				LogAssemblyErrors (0ms)
				InitializePlatformSupportModulesInManaged (5ms)
				SetLoadedEditorAssemblies (0ms)
				RefreshPlugins (161ms)
				BeforeProcessingInitializeOnLoad (156ms)
				ProcessInitializeOnLoadAttributes (378ms)
				ProcessInitializeOnLoadMethodAttributes (104ms)
				AfterProcessingInitializeOnLoad (3ms)
				EditorAssembliesLoaded (0ms)
			ExecutionOrderSort2 (0ms)
			AwakeInstancesAfterBackupRestoration (10ms)
Platform modules already initialized, skipping
========================================================================
Worker process is ready to serve import requests
Launched and connected shader compiler UnityShaderCompiler.exe after 0.04 seconds
Refreshing native plugins compatible for Editor in 1.26 ms, found 4 plugins.
Preloading 0 native plugins for Editor in 0.00 ms.
Unloading 6589 Unused Serialized files (Serialized files now loaded: 0)
Unloading 69 unused Assets / (2.0 MB). Loaded Objects now: 7027.
Memory consumption went from 257.5 MB to 255.4 MB.
Total: 5.169300 ms (FindLiveObjects: 0.895000 ms CreateObjectMapping: 0.250100 ms MarkObjects: 3.507700 ms  DeleteObjects: 0.514900 ms)

AssetImportParameters requested are different than current active one (requested -> active):
  custom:video-decoder-ogg-theora: a1e56fd34408186e4bbccfd4996cb3dc -> 
  custom:container-muxer-webm: aa71ff27fc2769a1b78a27578f13a17b -> 
  custom:container-demuxer-webm: 4f35f7cbe854078d1ac9338744f61a02 -> 
  custom:video-encoder-webm-vp8: eb34c28f22e8b96e1ab97ce403110664 -> 
  custom:audio-encoder-webm-vorbis: bf7c407c2cedff20999df2af8eb42d56 -> 
  custom:framework-win-MediaFoundation: 216162199b28c13a410421893ffa2e32 -> 
  custom:container-demuxer-ogg: 62fdf1f143b41e24485cea50d1cbac27 -> 
  custom:video-decoder-webm-vp8: 9c59270c3fd7afecdb556c50c9e8de78 -> 
  custom:audio-decoder-ogg-vorbis: bf7c407c2cedff20999df2af8eb42d56 -> 
========================================================================
Received Prepare
Registering precompiled user dll's ...
Registered in 0.005843 seconds.
Begin MonoManager ReloadAssembly
Symbol file LoadedFromMemory doesn't match image K:\Programs\UnityProjects\2DPlatformer\Library\PackageCache\com.unity.visualscripting@1.8.0\Editor\VisualScripting.Core\Dependencies\YamlDotNet\Unity.VisualScripting.YamlDotNet.dll
Symbol file LoadedFromMemory doesn't match image K:\Programs\UnityProjects\2DPlatformer\Library\PackageCache\com.unity.visualscripting@1.8.0\Editor\VisualScripting.Core\Dependencies\DotNetZip\Unity.VisualScripting.IonicZip.dll
Native extension for UWP target not found
Native extension for WindowsStandalone target not found
Refreshing native plugins compatible for Editor in 1.19 ms, found 4 plugins.
Preloading 0 native plugins for Editor in 0.00 ms.
Mono: successfully reloaded assembly
- Completed reload, in  1.520 seconds
Domain Reload Profiling:
	ReloadAssembly (1521ms)
		BeginReloadAssembly (164ms)
			ExecutionOrderSort (0ms)
			DisableScriptedObjects (7ms)
			BackupInstance (0ms)
			ReleaseScriptingObjects (0ms)
			CreateAndSetChildDomain (46ms)
		EndReloadAssembly (1250ms)
			LoadAssemblies (128ms)
			RebuildTransferFunctionScriptingTraits (0ms)
			SetupTypeCache (354ms)
			ReleaseScriptCaches (2ms)
			RebuildScriptCaches (74ms)
			SetupLoadedEditorAssemblies (584ms)
				LogAssemblyErrors (0ms)
				InitializePlatformSupportModulesInManaged (7ms)
				SetLoadedEditorAssemblies (1ms)
				RefreshPlugins (1ms)
				BeforeProcessingInitializeOnLoad (122ms)
				ProcessInitializeOnLoadAttributes (328ms)
				ProcessInitializeOnLoadMethodAttributes (119ms)
				AfterProcessingInitializeOnLoad (5ms)
				EditorAssembliesLoaded (0ms)
			ExecutionOrderSort2 (0ms)
			AwakeInstancesAfterBackupRestoration (48ms)
Platform modules already initialized, skipping
Refreshing native plugins compatible for Editor in 3.15 ms, found 4 plugins.
Preloading 0 native plugins for Editor in 0.00 ms.
Unloading 6390 Unused Serialized files (Serialized files now loaded: 0)
Unloading 44 unused Assets / (2.0 MB). Loaded Objects now: 7042.
Memory consumption went from 243.7 MB to 241.8 MB.
Total: 5.337600 ms (FindLiveObjects: 0.946300 ms CreateObjectMapping: 0.341500 ms MarkObjects: 3.488800 ms  DeleteObjects: 0.559600 ms)

AssetImportParameters requested are different than current active one (requested -> active):
  custom:video-decoder-ogg-theora: a1e56fd34408186e4bbccfd4996cb3dc -> 
  custom:container-muxer-webm: aa71ff27fc2769a1b78a27578f13a17b -> 
  custom:container-demuxer-webm: 4f35f7cbe854078d1ac9338744f61a02 -> 
  custom:video-encoder-webm-vp8: eb34c28f22e8b96e1ab97ce403110664 -> 
  custom:audio-encoder-webm-vorbis: bf7c407c2cedff20999df2af8eb42d56 -> 
  custom:framework-win-MediaFoundation: 216162199b28c13a410421893ffa2e32 -> 
  custom:container-demuxer-ogg: 62fdf1f143b41e24485cea50d1cbac27 -> 
  custom:video-decoder-webm-vp8: 9c59270c3fd7afecdb556c50c9e8de78 -> 
  custom:audio-decoder-ogg-vorbis: bf7c407c2cedff20999df2af8eb42d56 -> 
========================================================================
Received Import Request.
  Time since last request: 36812.456720 seconds.
  path: Assets/Scenes/Level 1.unity
  artifactKey: Guid(2cda990e2423bbf4892e6590ba056729) Importer(815301076,1909f56bfc062723c751e8b465ee728b)
Start importing Assets/Scenes/Level 1.unity using Guid(2cda990e2423bbf4892e6590ba056729) Importer(815301076,1909f56bfc062723c751e8b465ee728b)  -> (artifact id: '36ae0899310afbcf4201a90312136616') in 0.015962 seconds 
========================================================================
Received Import Request.
  Time since last request: 51.177983 seconds.
  path: Assets/Scripts
  artifactKey: Guid(676f38fc1b462c2438fc135d7328dedb) Importer(815301076,1909f56bfc062723c751e8b465ee728b)
Start importing Assets/Scripts using Guid(676f38fc1b462c2438fc135d7328dedb) Importer(815301076,1909f56bfc062723c751e8b465ee728b)  -> (artifact id: '798d0f86ca18d1915a3f9984e2563e20') in 0.007475 seconds 
========================================================================
Received Import Request.
  Time since last request: 6.094074 seconds.
  path: Assets/Scripts/LevelLoader.cs
  artifactKey: Guid(e7ddcd6ef19be3a43931b6528f785883) Importer(815301076,1909f56bfc062723c751e8b465ee728b)
Start importing Assets/Scripts/LevelLoader.cs using Guid(e7ddcd6ef19be3a43931b6528f785883) Importer(815301076,1909f56bfc062723c751e8b465ee728b)  -> (artifact id: 'a023c9822eadd603679d730c6ca304f9') in 0.028665 seconds 
========================================================================
Received Import Request.
  Time since last request: 1.423486 seconds.
  path: Assets/Scripts/LocaleSelector.cs
  artifactKey: Guid(96dbd1e08d89aea41a43695bcb058fbf) Importer(815301076,1909f56bfc062723c751e8b465ee728b)
Start importing Assets/Scripts/LocaleSelector.cs using Guid(96dbd1e08d89aea41a43695bcb058fbf) Importer(815301076,1909f56bfc062723c751e8b465ee728b)  -> (artifact id: '937379fe9c5661ab0c412d33d8762b43') in 0.008150 seconds 
========================================================================
Received Import Request.
  Time since last request: 0.948557 seconds.
  path: Assets/Scripts/MouseRayCasting.cs
  artifactKey: Guid(99f4d19feefadfb4689b95896a661e12) Importer(815301076,1909f56bfc062723c751e8b465ee728b)
Start importing Assets/Scripts/MouseRayCasting.cs using Guid(99f4d19feefadfb4689b95896a661e12) Importer(815301076,1909f56bfc062723c751e8b465ee728b)  -> (artifact id: 'b5808fb117dd439112f2c0e933143ce2') in 0.007204 seconds 
========================================================================
Received Import Request.
  Time since last request: 1.924128 seconds.
  path: Assets/Scripts/ParallaxMovement.cs
  artifactKey: Guid(7365f10b2efc21d48a3a6b6b3ea7523d) Importer(815301076,1909f56bfc062723c751e8b465ee728b)
Start importing Assets/Scripts/ParallaxMovement.cs using Guid(7365f10b2efc21d48a3a6b6b3ea7523d) Importer(815301076,1909f56bfc062723c751e8b465ee728b)  -> (artifact id: 'a6ef68cabc402622a02f69bb606dc8c2') in 0.006216 seconds 
========================================================================
Received Import Request.
  Time since last request: 0.544172 seconds.
  path: Assets/Scripts/PausingScript.cs
  artifactKey: Guid(2b1832abb5a1a0d48a40583f71c55f9d) Importer(815301076,1909f56bfc062723c751e8b465ee728b)
Start importing Assets/Scripts/PausingScript.cs using Guid(2b1832abb5a1a0d48a40583f71c55f9d) Importer(815301076,1909f56bfc062723c751e8b465ee728b)  -> (artifact id: '32593243b101a1a11419972f25f999ca') in 0.006564 seconds 
========================================================================
Received Import Request.
  Time since last request: 2.308363 seconds.
  path: Assets/Scripts/PlayerLife.cs
  artifactKey: Guid(cd24bd189d02de040b982bdb2a3adab2) Importer(815301076,1909f56bfc062723c751e8b465ee728b)
Start importing Assets/Scripts/PlayerLife.cs using Guid(cd24bd189d02de040b982bdb2a3adab2) Importer(815301076,1909f56bfc062723c751e8b465ee728b)  -> (artifact id: '0cb0f7619551e74d8f206920474c95a1') in 0.009866 seconds 
========================================================================
Received Import Request.
  Time since last request: 1.208050 seconds.
  path: Assets/Scripts/PlayerMovemente.cs
  artifactKey: Guid(94dc58098047213418ff8b50e4413a31) Importer(815301076,1909f56bfc062723c751e8b465ee728b)
Start importing Assets/Scripts/PlayerMovemente.cs using Guid(94dc58098047213418ff8b50e4413a31) Importer(815301076,1909f56bfc062723c751e8b465ee728b)  -> (artifact id: '2323a46109396e7bc4d832c224148b59') in 0.006463 seconds 
========================================================================
Received Import Request.
  Time since last request: 2.945707 seconds.
  path: Assets/Scripts/Rotate.cs
  artifactKey: Guid(df465afa0d971f44fac1f0315e8e3a68) Importer(815301076,1909f56bfc062723c751e8b465ee728b)
Start importing Assets/Scripts/Rotate.cs using Guid(df465afa0d971f44fac1f0315e8e3a68) Importer(815301076,1909f56bfc062723c751e8b465ee728b)  -> (artifact id: '050e8bd11b7fbd0e46ce6e05c2725650') in 0.006914 seconds 
========================================================================
Received Import Request.
  Time since last request: 0.844125 seconds.
  path: Assets/Scripts/StartMenu.cs
  artifactKey: Guid(718237e0206691a489cf53a175ee1788) Importer(815301076,1909f56bfc062723c751e8b465ee728b)
Start importing Assets/Scripts/StartMenu.cs using Guid(718237e0206691a489cf53a175ee1788) Importer(815301076,1909f56bfc062723c751e8b465ee728b)  -> (artifact id: 'fb529cd635609408c119ccdfd3b11d79') in 0.006118 seconds 
========================================================================
Received Import Request.
  Time since last request: 0.931541 seconds.
  path: Assets/Scripts/StickyPlatform.cs
  artifactKey: Guid(64b3f3baa4527e84fb86600a4d198245) Importer(815301076,1909f56bfc062723c751e8b465ee728b)
Start importing Assets/Scripts/StickyPlatform.cs using Guid(64b3f3baa4527e84fb86600a4d198245) Importer(815301076,1909f56bfc062723c751e8b465ee728b)  -> (artifact id: '85da3040c30307046d5516fbaad0d94d') in 0.007656 seconds 
========================================================================
Received Import Request.
  Time since last request: 0.907212 seconds.
  path: Assets/Scripts/EndMenu.cs
  artifactKey: Guid(2a6f89631859b93499aa9060984915cc) Importer(815301076,1909f56bfc062723c751e8b465ee728b)
Start importing Assets/Scripts/EndMenu.cs using Guid(2a6f89631859b93499aa9060984915cc) Importer(815301076,1909f56bfc062723c751e8b465ee728b)  -> (artifact id: '0b870f30211f0dca4b0404830c41c840') in 0.008280 seconds 
========================================================================
Received Import Request.
  Time since last request: 0.582843 seconds.
  path: Assets/Scripts/CineMachineMovement.cs
  artifactKey: Guid(ffad6ac4aa5d865489c1aa9fe0008fab) Importer(815301076,1909f56bfc062723c751e8b465ee728b)
Start importing Assets/Scripts/CineMachineMovement.cs using Guid(ffad6ac4aa5d865489c1aa9fe0008fab) Importer(815301076,1909f56bfc062723c751e8b465ee728b)  -> (artifact id: 'a8c821667a8cb6638124db8f22fec3bc') in 0.007751 seconds 
========================================================================
Received Import Request.
  Time since last request: 0.460987 seconds.
  path: Assets/Scripts/CameraHandle.cs
  artifactKey: Guid(2dbeb90b994ca7e4aa0c638900335244) Importer(815301076,1909f56bfc062723c751e8b465ee728b)
Start importing Assets/Scripts/CameraHandle.cs using Guid(2dbeb90b994ca7e4aa0c638900335244) Importer(815301076,1909f56bfc062723c751e8b465ee728b)  -> (artifact id: 'fbc06be1bce88b07297d50be0be34ce0') in 0.007981 seconds 
========================================================================
Received Import Request.
  Time since last request: 0.556968 seconds.
  path: Assets/Scripts/ButtonEvent.cs
  artifactKey: Guid(130dc73efc00481439ea2d5e3b4522a6) Importer(815301076,1909f56bfc062723c751e8b465ee728b)
Start importing Assets/Scripts/ButtonEvent.cs using Guid(130dc73efc00481439ea2d5e3b4522a6) Importer(815301076,1909f56bfc062723c751e8b465ee728b)  -> (artifact id: '8fa7308bf432140952dda65ce953926c') in 0.006888 seconds 
========================================================================
Received Import Request.
  Time since last request: 0.456635 seconds.
  path: Assets/Scripts/TimerScript.cs
  artifactKey: Guid(38b106dfd260cb64791901fa89aa2cef) Importer(815301076,1909f56bfc062723c751e8b465ee728b)
Start importing Assets/Scripts/TimerScript.cs using Guid(38b106dfd260cb64791901fa89aa2cef) Importer(815301076,1909f56bfc062723c751e8b465ee728b)  -> (artifact id: '9a3e43756054987c0fb7b0126f340f6b') in 0.007218 seconds 
========================================================================
Received Import Request.
  Time since last request: 0.733128 seconds.
  path: Assets/Scripts/WallTrapMovement.cs
  artifactKey: Guid(f10797cce137ccf4d8b21432d6e67096) Importer(815301076,1909f56bfc062723c751e8b465ee728b)
Start importing Assets/Scripts/WallTrapMovement.cs using Guid(f10797cce137ccf4d8b21432d6e67096) Importer(815301076,1909f56bfc062723c751e8b465ee728b)  -> (artifact id: '5cd599cbbcfdd9e3957564ece8d4adcf') in 0.005374 seconds 
========================================================================
Received Import Request.
  Time since last request: 0.474230 seconds.
  path: Assets/Scripts/WaypointFollower.cs
  artifactKey: Guid(ab644976d16aeb7439adce48b0b1f3c7) Importer(815301076,1909f56bfc062723c751e8b465ee728b)
Start importing Assets/Scripts/WaypointFollower.cs using Guid(ab644976d16aeb7439adce48b0b1f3c7) Importer(815301076,1909f56bfc062723c751e8b465ee728b)  -> (artifact id: '69284e9636a845c85cfb708c1ef4eb01') in 0.006371 seconds 
